# JRE version: Java(TM) SE Runtime Environment (7.0_51-b13) (build 1.7.0_51-b13)
# Java VM: Java HotSpot(TM) Server VM (24.51-b03 mixed mode linux-x86 )
Heap
 PSYoungGen      total 243456K, used 214621K [0x9e100000, 0xb3680000, 0xb3680000)
  eden space 164352K, 89% used [0x9e100000,0xa7119aa0,0xa8180000)
  from space 79104K, 84% used [0xae940000,0xb2abdb78,0xb3680000)
  to   space 92672K, 0% used [0xa8180000,0xa8180000,0xadc00000)
 ParOldGen       total 77312K, used 57956K [0x73680000, 0x78200000, 0x9e100000)
  object space 77312K, 74% used [0x73680000,0x76f19028,0x78200000)
 PSPermGen       total 49664K, used 49633K [0x6f680000, 0x72700000, 0x73680000)
  object space 49664K, 99% used [0x6f680000,0x726f8468,0x72700000)
GC Heap History (10 events):
Event: 534.433 GC heap before
{Heap before GC invocations=13 (full 1):
 PSYoungGen      total 197888K, used 190553K [0x9e100000, 0xb0240000, 0xb3680000)
  eden space 151040K, 100% used [0x9e100000,0xa7480000,0xa7480000)
  from space 46848K, 84% used [0xa7480000,0xa9b165e8,0xaa240000)
  to   space 51712K, 0% used [0xacfc0000,0xacfc0000,0xb0240000)
 ParOldGen       total 77312K, used 54820K [0x73680000, 0x78200000, 0x9e100000)
  object space 77312K, 70% used [0x73680000,0x76c090b8,0x78200000)
 PSPermGen       total 33536K, used 33530K [0x6f680000, 0x71740000, 0x73680000)
  object space 33536K, 99% used [0x6f680000,0x7173ead0,0x71740000)
Event: 534.479 GC heap after
Heap after GC invocations=13 (full 1):
 PSYoungGen      total 237824K, used 47282K [0x9e100000, 0xb0900000, 0xb3680000)
  eden space 186112K, 0% used [0x9e100000,0x9e100000,0xa96c0000)
  from space 51712K, 91% used [0xacfc0000,0xafdec998,0xb0240000)
  to   space 58368K, 0% used [0xa96c0000,0xa96c0000,0xacfc0000)
 ParOldGen       total 77312K, used 54824K [0x73680000, 0x78200000, 0x9e100000)
  object space 77312K, 70% used [0x73680000,0x76c0a0b8,0x78200000)
 PSPermGen       total 33536K, used 33530K [0x6f680000, 0x71740000, 0x73680000)
  object space 33536K, 99% used [0x6f680000,0x7173ead0,0x71740000)
}
Event: 535.497 GC heap before
{Heap before GC invocations=14 (full 1):
 PSYoungGen      total 237824K, used 233394K [0x9e100000, 0xb0900000, 0xb3680000)
  eden space 186112K, 100% used [0x9e100000,0xa96c0000,0xa96c0000)
  from space 51712K, 91% used [0xacfc0000,0xafdec998,0xb0240000)
  to   space 58368K, 0% used [0xa96c0000,0xa96c0000,0xacfc0000)
 ParOldGen       total 77312K, used 54832K [0x73680000, 0x78200000, 0x9e100000)
  object space 77312K, 70% used [0x73680000,0x76c0c090,0x78200000)
 PSPermGen       total 37376K, used 37207K [0x6f680000, 0x71b00000, 0x73680000)
  object space 37376K, 99% used [0x6f680000,0x71ad5d70,0x71b00000)
Event: 535.550 GC heap after
Heap after GC invocations=14 (full 1):
 PSYoungGen      total 244480K, used 58355K [0x9e100000, 0xb3680000, 0xb3680000)
  eden space 186112K, 0% used [0x9e100000,0x9e100000,0xa96c0000)
  from space 58368K, 99% used [0xa96c0000,0xacfbcf80,0xacfc0000)
  to   space 68864K, 0% used [0xaf340000,0xaf340000,0xb3680000)
 ParOldGen       total 77312K, used 57934K [0x73680000, 0x78200000, 0x9e100000)
  object space 77312K, 74% used [0x73680000,0x76f13a68,0x78200000)
 PSPermGen       total 37376K, used 37207K [0x6f680000, 0x71b00000, 0x73680000)
  object space 37376K, 99% used [0x6f680000,0x71ad5d70,0x71b00000)
}
Event: 537.048 GC heap before
{Heap before GC invocations=15 (full 1):
 PSYoungGen      total 244480K, used 244467K [0x9e100000, 0xb3680000, 0xb3680000)
  eden space 186112K, 100% used [0x9e100000,0xa96c0000,0xa96c0000)
  from space 58368K, 99% used [0xa96c0000,0xacfbcf80,0xacfc0000)
  to   space 68864K, 0% used [0xaf340000,0xaf340000,0xb3680000)
 ParOldGen       total 77312K, used 57934K [0x73680000, 0x78200000, 0x9e100000)
  object space 77312K, 74% used [0x73680000,0x76f13b70,0x78200000)
 PSPermGen       total 40704K, used 40517K [0x6f680000, 0x71e40000, 0x73680000)
  object space 40704K, 99% used [0x6f680000,0x71e11778,0x71e40000)
Event: 537.101 GC heap after
Heap after GC invocations=15 (full 1):
 PSYoungGen      total 268544K, used 55290K [0x9e100000, 0xb3680000, 0xb3680000)
  eden space 199680K, 0% used [0x9e100000,0x9e100000,0xaa400000)
  from space 68864K, 80% used [0xaf340000,0xb293ea10,0xb3680000)
  to   space 75008K, 0% used [0xaa400000,0xaa400000,0xaed40000)
 ParOldGen       total 77312K, used 57934K [0x73680000, 0x78200000, 0x9e100000)
  object space 77312K, 74% used [0x73680000,0x76f13b70,0x78200000)
 PSPermGen       total 40704K, used 40517K [0x6f680000, 0x71e40000, 0x73680000)
  object space 40704K, 99% used [0x6f680000,0x71e11778,0x71e40000)
}
Event: 538.137 GC heap before
{Heap before GC invocations=16 (full 1):
 PSYoungGen      total 268544K, used 254970K [0x9e100000, 0xb3680000, 0xb3680000)
  eden space 199680K, 100% used [0x9e100000,0xaa400000,0xaa400000)
  from space 68864K, 80% used [0xaf340000,0xb293ea10,0xb3680000)
  to   space 75008K, 0% used [0xaa400000,0xaa400000,0xaed40000)
 ParOldGen       total 77312K, used 57955K [0x73680000, 0x78200000, 0x9e100000)
  object space 77312K, 74% used [0x73680000,0x76f18fb8,0x78200000)
 PSPermGen       total 45312K, used 45091K [0x6f680000, 0x722c0000, 0x73680000)
  object space 45312K, 99% used [0x6f680000,0x72288ee0,0x722c0000)
Event: 538.193 GC heap after
Heap after GC invocations=16 (full 1):
 PSYoungGen      total 270592K, used 70791K [0x9e100000, 0xb3680000, 0xb3680000)
  eden space 199680K, 0% used [0x9e100000,0x9e100000,0xaa400000)
  from space 70912K, 99% used [0xaa400000,0xae921c98,0xae940000)
  to   space 79104K, 0% used [0xae940000,0xae940000,0xb3680000)
 ParOldGen       total 77312K, used 57955K [0x73680000, 0x78200000, 0x9e100000)
  object space 77312K, 74% used [0x73680000,0x76f18fb8,0x78200000)
 PSPermGen       total 45312K, used 45091K [0x6f680000, 0x722c0000, 0x73680000)
  object space 45312K, 99% used [0x6f680000,0x72288ee0,0x722c0000)
}
Event: 1623.646 GC heap before
{Heap before GC invocations=17 (full 1):
 PSYoungGen      total 270592K, used 270471K [0x9e100000, 0xb3680000, 0xb3680000)
  eden space 199680K, 100% used [0x9e100000,0xaa400000,0xaa400000)
  from space 70912K, 99% used [0xaa400000,0xae921c98,0xae940000)
  to   space 79104K, 0% used [0xae940000,0xae940000,0xb3680000)
 ParOldGen       total 77312K, used 57956K [0x73680000, 0x78200000, 0x9e100000)
  object space 77312K, 74% used [0x73680000,0x76f19028,0x78200000)
 PSPermGen       total 46848K, used 46738K [0x6f680000, 0x72440000, 0x73680000)
  object space 46848K, 99% used [0x6f680000,0x72424968,0x72440000)
Event: 1623.702 GC heap after
Heap after GC invocations=17 (full 1):
 PSYoungGen      total 243456K, used 67062K [0x9e100000, 0xb3680000, 0xb3680000)
  eden space 164352K, 0% used [0x9e100000,0x9e100000,0xa8180000)
  from space 79104K, 84% used [0xae940000,0xb2abdb78,0xb3680000)
  to   space 92672K, 0% used [0xa8180000,0xa8180000,0xadc00000)
 ParOldGen       total 77312K, used 57956K [0x73680000, 0x78200000, 0x9e100000)
  object space 77312K, 74% used [0x73680000,0x76f19028,0x78200000)
 PSPermGen       total 46848K, used 46738K [0x6f680000, 0x72440000, 0x73680000)
  object space 46848K, 99% used [0x6f680000,0x72424968,0x72440000)
}

