# JRE version: Java(TM) SE Runtime Environment (7.0_51-b13) (build 1.7.0_51-b13)
# Java VM: Java HotSpot(TM) Server VM (24.51-b03 mixed mode linux-x86 )
Heap
 PSYoungGen      total 322304K, used 81910K [0x9e140000, 0xb36c0000, 0xb36c0000)
  eden space 294912K, 26% used [0x9e140000,0xa2da4180,0xb0140000)
  from space 27392K, 13% used [0xb0140000,0xb04d96a8,0xb1c00000)
  to   space 27392K, 0% used [0xb1c00000,0xb1c00000,0xb36c0000)
 ParOldGen       total 104704K, used 64642K [0x736c0000, 0x79d00000, 0x9e140000)
  object space 104704K, 61% used [0x736c0000,0x775e0800,0x79d00000)
 PSPermGen       total 61696K, used 30326K [0x6f6c0000, 0x73300000, 0x736c0000)
  object space 61696K, 49% used [0x6f6c0000,0x7145d998,0x73300000)
GC Heap History (10 events):
Event: 194.476 GC heap before
{Heap before GC invocations=11 (full 0):
 PSYoungGen      total 218880K, used 218154K [0x9e140000, 0xad880000, 0xb36c0000)
  eden space 194560K, 100% used [0x9e140000,0xa9f40000,0xa9f40000)
  from space 24320K, 97% used [0xaba40000,0xad14a9b8,0xad200000)
  to   space 27648K, 0% used [0xa9f40000,0xa9f40000,0xaba40000)
 ParOldGen       total 43520K, used 33741K [0x736c0000, 0x76140000, 0x9e140000)
  object space 43520K, 77% used [0x736c0000,0x757b3628,0x76140000)
 PSPermGen       total 27648K, used 27492K [0x6f6c0000, 0x711c0000, 0x736c0000)
  object space 27648K, 99% used [0x6f6c0000,0x711992b8,0x711c0000)
Event: 194.517 GC heap after
Heap after GC invocations=11 (full 0):
 PSYoungGen      total 222208K, used 6200K [0x9e140000, 0xb36c0000, 0xb36c0000)
  eden space 194560K, 0% used [0x9e140000,0x9e140000,0xa9f40000)
  from space 27648K, 22% used [0xa9f40000,0xaa54e3e8,0xaba40000)
  to   space 27136K, 0% used [0xb1c40000,0xb1c40000,0xb36c0000)
 ParOldGen       total 49152K, used 48958K [0x736c0000, 0x766c0000, 0x9e140000)
  object space 49152K, 99% used [0x736c0000,0x7668faa8,0x766c0000)
 PSPermGen       total 27648K, used 27492K [0x6f6c0000, 0x711c0000, 0x736c0000)
  object space 27648K, 99% used [0x6f6c0000,0x711992b8,0x711c0000)
}
Event: 194.517 GC heap before
{Heap before GC invocations=12 (full 1):
 PSYoungGen      total 222208K, used 6200K [0x9e140000, 0xb36c0000, 0xb36c0000)
  eden space 194560K, 0% used [0x9e140000,0x9e140000,0xa9f40000)
  from space 27648K, 22% used [0xa9f40000,0xaa54e3e8,0xaba40000)
  to   space 27136K, 0% used [0xb1c40000,0xb1c40000,0xb36c0000)
 ParOldGen       total 49152K, used 48958K [0x736c0000, 0x766c0000, 0x9e140000)
  object space 49152K, 99% used [0x736c0000,0x7668faa8,0x766c0000)
 PSPermGen       total 27648K, used 27492K [0x6f6c0000, 0x711c0000, 0x736c0000)
  object space 27648K, 99% used [0x6f6c0000,0x711992b8,0x711c0000)
Event: 194.789 GC heap after
Heap after GC invocations=12 (full 1):
 PSYoungGen      total 222208K, used 0K [0x9e140000, 0xb36c0000, 0xb36c0000)
  eden space 194560K, 0% used [0x9e140000,0x9e140000,0xa9f40000)
  from space 27648K, 0% used [0xa9f40000,0xa9f40000,0xaba40000)
  to   space 27136K, 0% used [0xb1c40000,0xb1c40000,0xb36c0000)
 ParOldGen       total 64768K, used 34833K [0x736c0000, 0x77600000, 0x9e140000)
  object space 64768K, 53% used [0x736c0000,0x758c46a8,0x77600000)
 PSPermGen       total 55040K, used 27479K [0x6f6c0000, 0x72c80000, 0x736c0000)
  object space 55040K, 49% used [0x6f6c0000,0x71195d80,0x72c80000)
}
Event: 772.890 GC heap before
{Heap before GC invocations=13 (full 1):
 PSYoungGen      total 222208K, used 194560K [0x9e140000, 0xb36c0000, 0xb36c0000)
  eden space 194560K, 100% used [0x9e140000,0xa9f40000,0xa9f40000)
  from space 27648K, 0% used [0xa9f40000,0xa9f40000,0xaba40000)
  to   space 27136K, 0% used [0xb1c40000,0xb1c40000,0xb36c0000)
 ParOldGen       total 64768K, used 34833K [0x736c0000, 0x77600000, 0x9e140000)
  object space 64768K, 53% used [0x736c0000,0x758c46a8,0x77600000)
 PSPermGen       total 55040K, used 27742K [0x6f6c0000, 0x72c80000, 0x736c0000)
  object space 55040K, 50% used [0x6f6c0000,0x711d7988,0x72c80000)
Event: 772.897 GC heap after
Heap after GC invocations=13 (full 1):
 PSYoungGen      total 322048K, used 812K [0x9e140000, 0xb36c0000, 0xb36c0000)
  eden space 294912K, 0% used [0x9e140000,0x9e140000,0xb0140000)
  from space 27136K, 2% used [0xb1c40000,0xb1d0b1c8,0xb36c0000)
  to   space 27392K, 0% used [0xb0140000,0xb0140000,0xb1c00000)
 ParOldGen       total 64768K, used 34837K [0x736c0000, 0x77600000, 0x9e140000)
  object space 64768K, 53% used [0x736c0000,0x758c56a8,0x77600000)
 PSPermGen       total 55040K, used 27742K [0x6f6c0000, 0x72c80000, 0x736c0000)
  object space 55040K, 50% used [0x6f6c0000,0x711d7988,0x72c80000)
}
Event: 3023.939 GC heap before
{Heap before GC invocations=14 (full 1):
 PSYoungGen      total 322048K, used 295724K [0x9e140000, 0xb36c0000, 0xb36c0000)
  eden space 294912K, 100% used [0x9e140000,0xb0140000,0xb0140000)
  from space 27136K, 2% used [0xb1c40000,0xb1d0b1c8,0xb36c0000)
  to   space 27392K, 0% used [0xb0140000,0xb0140000,0xb1c00000)
 ParOldGen       total 64768K, used 34837K [0x736c0000, 0x77600000, 0x9e140000)
  object space 64768K, 53% used [0x736c0000,0x758c56a8,0x77600000)
 PSPermGen       total 55040K, used 28119K [0x6f6c0000, 0x72c80000, 0x736c0000)
  object space 55040K, 51% used [0x6f6c0000,0x71235d28,0x72c80000)
Event: 3024.004 GC heap after
Heap after GC invocations=14 (full 1):
 PSYoungGen      total 322304K, used 27390K [0x9e140000, 0xb36c0000, 0xb36c0000)
  eden space 294912K, 0% used [0x9e140000,0x9e140000,0xb0140000)
  from space 27392K, 99% used [0xb0140000,0xb1bff970,0xb1c00000)
  to   space 27392K, 0% used [0xb1c00000,0xb1c00000,0xb36c0000)
 ParOldGen       total 64768K, used 64525K [0x736c0000, 0x77600000, 0x9e140000)
  object space 64768K, 99% used [0x736c0000,0x775c36d0,0x77600000)
 PSPermGen       total 55040K, used 28119K [0x6f6c0000, 0x72c80000, 0x736c0000)
  object space 55040K, 51% used [0x6f6c0000,0x71235d28,0x72c80000)
}
Event: 3024.004 GC heap before
{Heap before GC invocations=15 (full 2):
 PSYoungGen      total 322304K, used 27390K [0x9e140000, 0xb36c0000, 0xb36c0000)
  eden space 294912K, 0% used [0x9e140000,0x9e140000,0xb0140000)
  from space 27392K, 99% used [0xb0140000,0xb1bff970,0xb1c00000)
  to   space 27392K, 0% used [0xb1c00000,0xb1c00000,0xb36c0000)
 ParOldGen       total 64768K, used 64525K [0x736c0000, 0x77600000, 0x9e140000)
  object space 64768K, 99% used [0x736c0000,0x775c36d0,0x77600000)
 PSPermGen       total 55040K, used 28119K [0x6f6c0000, 0x72c80000, 0x736c0000)
  object space 55040K, 51% used [0x6f6c0000,0x71235d28,0x72c80000)
Event: 3024.163 GC heap after
Heap after GC invocations=15 (full 2):
 PSYoungGen      total 322304K, used 3685K [0x9e140000, 0xb36c0000, 0xb36c0000)
  eden space 294912K, 0% used [0x9e140000,0x9e140000,0xb0140000)
  from space 27392K, 13% used [0xb0140000,0xb04d96a8,0xb1c00000)
  to   space 27392K, 0% used [0xb1c00000,0xb1c00000,0xb36c0000)
 ParOldGen       total 104704K, used 64642K [0x736c0000, 0x79d00000, 0x9e140000)
  object space 104704K, 61% used [0x736c0000,0x775e0800,0x79d00000)
 PSPermGen       total 61696K, used 27362K [0x6f6c0000, 0x73300000, 0x736c0000)
  object space 61696K, 44% used [0x6f6c0000,0x71178bd8,0x73300000)
}

